<?xml version="1.0" encoding="UTF-8"?>
<!-- Generated by org.testng.reporters.JUnitReportReporter -->
<testsuite hostname="StephLaptop" failures="0" tests="3" name="NewLibraryTest" time="0.775" errors="0" timestamp="11 Aug 2024 09:02:15 GMT">
  <testcase classname="NewLibraryTest" name="testFooterPresence" time="0.129"/>
  <testcase classname="NewLibraryTest" name="testNavbarLinks" time="0.087"/>
  <testcase classname="NewLibraryTest" name="testTableContent" time="0.559"/>
</testsuite> <!-- NewLibraryTest -->
